#
# There is insufficient memory for the Java Runtime Environment to continue.
# Native memory allocation (mmap) failed to map 268435456 bytes for Failed to commit area from 0x0000000701e00000 to 0x0000000711e00000 of length 268435456.
# Possible reasons:
#   The system is out of physical RAM or swap space
#   The process is running with CompressedOops enabled, and the Java Heap may be blocking the growth of the native heap
# Possible solutions:
#   Reduce memory load on the system
#   Increase physical memory or swap space
#   Check if swap backing store is full
#   Decrease Java heap size (-Xmx/-Xms)
#   Decrease number of Java threads
#   Decrease Java thread stack sizes (-Xss)
#   Set larger code cache with -XX:ReservedCodeCacheSize=
# This output file may be truncated or incomplete.
#
#  Out of Memory Error (./src/hotspot/os/windows/os_windows.cpp:3619), pid=18732, tid=3036
#
# JRE version:  (11.0.13) (build )
# Java VM: OpenJDK 64-Bit Server VM (11.0.13+0-b1751.21-8125866, mixed mode, sharing, tiered, compressed oops, g1 gc, windows-amd64)
# No core dump will be written. Minidumps are not enabled by default on client versions of Windows
#

---------------  S U M M A R Y ------------

Command Line: org.jetbrains.kotlin.cli.jvm.K2JVMCompiler @C:\Users\AAA\AndroidStudioProjects\AuthenticationApp\app\build\20230126_8108970078473246831.compiler.options

Host: Intel(R) Core(TM) i7-8750H CPU @ 2.20GHz, 12 cores, 15G,  Windows 10 , 64 bit Build 19041 (10.0.19041.2364)
Time: Thu Jan 26 03:18:15 2023 Russia TZ 2 Standard Time elapsed time: 0.009375 seconds (0d 0h 0m 0s)

---------------  T H R E A D  ---------------

Current thread (0x000001b95bcfe800):  JavaThread "Unknown thread" [_thread_in_vm, id=3036, stack(0x00000062f6900000,0x00000062f6a00000)]

Stack: [0x00000062f6900000,0x00000062f6a00000]
Native frames: (J=compiled Java code, j=interpreted, Vv=VM code, C=native code)
V  [jvm.dll+0x6100fa]
V  [jvm.dll+0x747090]
V  [jvm.dll+0x7486ad]
V  [jvm.dll+0x748d83]
V  [jvm.dll+0x24ab48]
V  [jvm.dll+0x60d164]
V  [jvm.dll+0x601e75]
V  [jvm.dll+0x308bdb]
V  [jvm.dll+0x308b4a]
V  [jvm.dll+0x308a22]
V  [jvm.dll+0x30d986]
V  [jvm.dll+0x357093]
V  [jvm.dll+0x357796]
V  [jvm.dll+0x357193]
V  [jvm.dll+0x2e3448]
V  [jvm.dll+0x2e45f7]
V  [jvm.dll+0x7242e7]
V  [jvm.dll+0x725adc]
V  [jvm.dll+0x364629]
V  [jvm.dll+0x707cee]
V  [jvm.dll+0x3d2633]
V  [jvm.dll+0x3d4a21]
C  [jli.dll+0x536b]
C  [ucrtbase.dll+0x21bb2]
C  [KERNEL32.DLL+0x17614]
C  [ntdll.dll+0x526a1]


---------------  P R O C E S S  ---------------

Threads class SMR info:
_java_thread_list=0x000001b95bb84d40, length=0, elements={
}

Java Threads: ( => current thread )

Other Threads:
  0x000001b95bd16800 GCTaskThread "GC Thread#0" [stack: 0x00000062f6a00000,0x00000062f6b00000] [id=4048]
  0x000001b95bd72800 ConcurrentGCThread "G1 Main Marker" [stack: 0x00000062f6b00000,0x00000062f6c00000] [id=16032]
  0x000001b95bd74000 ConcurrentGCThread "G1 Conc#0" [stack: 0x00000062f6c00000,0x00000062f6d00000] [id=3728]

[error occurred during error reporting (printing all threads), id 0xc0000005, EXCEPTION_ACCESS_VIOLATION (0xc0000005) at pc=0x00007ffe6e7d3dd7]

VM state:not at safepoint (not fully initialized)

VM Mutex/Monitor currently owned by a thread:  ([mutex/lock_event])
[0x000001b95bcfc0b0] Heap_lock - owner thread: 0x000001b95bcfe800

Heap address: 0x0000000701e00000, size: 4066 MB, Compressed Oops mode: Non-zero based: 0x0000000701e00000
Narrow klass base: 0x0000000000000000, Narrow klass shift: 0

GC Heap History (0 events):
No events

Deoptimization events (0 events):
No events

Classes redefined (0 events):
No events

Internal exceptions (0 events):
No events

Events (1 events):
Event: 0.006 Loaded shared library C:\Program Files\Android\Android Studio\jre\bin\zip.dll


Dynamic libraries:
0x00007ff7e8eb0000 - 0x00007ff7e8eba000 	C:\Program Files\Android\Android Studio\jre\bin\java.exe
0x00007ffecbf90000 - 0x00007ffecc188000 	C:\WINDOWS\SYSTEM32\ntdll.dll
0x00007ffec9fd0000 - 0x00007ffeca08f000 	C:\WINDOWS\System32\KERNEL32.DLL
0x00007ffec97c0000 - 0x00007ffec9a92000 	C:\WINDOWS\System32\KERNELBASE.dll
0x00007ffec9b30000 - 0x00007ffec9c30000 	C:\WINDOWS\System32\ucrtbase.dll
0x00007ffe88620000 - 0x00007ffe88639000 	C:\Program Files\Android\Android Studio\jre\bin\jli.dll
0x00007ffe87f60000 - 0x00007ffe87f77000 	C:\Program Files\Android\Android Studio\jre\bin\VCRUNTIME140.dll
0x00007ffecb9c0000 - 0x00007ffecbb61000 	C:\WINDOWS\System32\USER32.dll
0x00007ffec9680000 - 0x00007ffec96a2000 	C:\WINDOWS\System32\win32u.dll
0x00007ffeb1ae0000 - 0x00007ffeb1d7a000 	C:\WINDOWS\WinSxS\amd64_microsoft.windows.common-controls_6595b64144ccf1df_6.0.19041.1110_none_60b5254171f9507e\COMCTL32.dll
0x00007ffecb330000 - 0x00007ffecb35b000 	C:\WINDOWS\System32\GDI32.dll
0x00007ffeca0d0000 - 0x00007ffeca16e000 	C:\WINDOWS\System32\msvcrt.dll
0x00007ffec96b0000 - 0x00007ffec97bf000 	C:\WINDOWS\System32\gdi32full.dll
0x00007ffec9c30000 - 0x00007ffec9ccd000 	C:\WINDOWS\System32\msvcp_win.dll
0x00007ffeca090000 - 0x00007ffeca0c2000 	C:\WINDOWS\System32\IMM32.DLL
0x00007ffe63d60000 - 0x00007ffe63dfd000 	C:\Program Files\Android\Android Studio\jre\bin\msvcp140.dll
0x00007ffe6e4e0000 - 0x00007ffe6efe2000 	C:\Program Files\Android\Android Studio\jre\bin\server\jvm.dll
0x00007ffeca7c0000 - 0x00007ffeca86e000 	C:\WINDOWS\System32\ADVAPI32.dll
0x00007ffeca720000 - 0x00007ffeca7bc000 	C:\WINDOWS\System32\sechost.dll
0x00007ffeca4a0000 - 0x00007ffeca5c5000 	C:\WINDOWS\System32\RPCRT4.dll
0x00007ffecbb70000 - 0x00007ffecbb78000 	C:\WINDOWS\System32\PSAPI.DLL
0x00007ffec6210000 - 0x00007ffec6219000 	C:\WINDOWS\SYSTEM32\WSOCK32.dll
0x00007ffec21e0000 - 0x00007ffec21ea000 	C:\WINDOWS\SYSTEM32\VERSION.dll
0x00007ffeca870000 - 0x00007ffeca8db000 	C:\WINDOWS\System32\WS2_32.dll
0x00007ffeb01b0000 - 0x00007ffeb01d7000 	C:\WINDOWS\SYSTEM32\WINMM.dll
0x00007ffec7ed0000 - 0x00007ffec7ee2000 	C:\WINDOWS\SYSTEM32\kernel.appcore.dll
0x00007ffeb50b0000 - 0x00007ffeb50c1000 	C:\Program Files\Android\Android Studio\jre\bin\verify.dll
0x00007ffec72d0000 - 0x00007ffec74b4000 	C:\WINDOWS\SYSTEM32\DBGHELP.DLL
0x00007ffeb3210000 - 0x00007ffeb3245000 	C:\WINDOWS\SYSTEM32\dbgcore.DLL
0x00007ffec9aa0000 - 0x00007ffec9b22000 	C:\WINDOWS\System32\bcryptPrimitives.dll
0x00007ffeada30000 - 0x00007ffeada59000 	C:\Program Files\Android\Android Studio\jre\bin\java.dll
0x00007ffec59a0000 - 0x00007ffec59ab000 	C:\Program Files\Android\Android Studio\jre\bin\jimage.dll
0x00007ffeb5000000 - 0x00007ffeb5018000 	C:\Program Files\Android\Android Studio\jre\bin\zip.dll

dbghelp: loaded successfully - version: 4.0.5 - missing functions: none
symbol engine: initialized successfully - sym options: 0x614 - pdb path: .;C:\Program Files\Android\Android Studio\jre\bin;C:\WINDOWS\SYSTEM32;C:\WINDOWS\WinSxS\amd64_microsoft.windows.common-controls_6595b64144ccf1df_6.0.19041.1110_none_60b5254171f9507e;C:\Program Files\Android\Android Studio\jre\bin\server

VM Arguments:
java_command: org.jetbrains.kotlin.cli.jvm.K2JVMCompiler @C:\Users\AAA\AndroidStudioProjects\AuthenticationApp\app\build\20230126_8108970078473246831.compiler.options
java_class_path (initial): C:\Users\AAA\.gradle\caches\modules-2\files-2.1\org.jetbrains.kotlin\kotlin-compiler-embeddable\1.7.20\8db18559a581dd2c36ddfd5046af145650f5b126\kotlin-compiler-embeddable-1.7.20.jar;C:\Users\AAA\.gradle\caches\modules-2\files-2.1\org.jetbrains.kotlin\kotlin-reflect\1.7.20\12b2501e33bb6373e8e347c86d85481863629381\kotlin-reflect-1.7.20.jar;C:\Users\AAA\.gradle\caches\modules-2\files-2.1\org.jetbrains.kotlin\kotlin-stdlib\1.7.20\726594ea9ba2beb2ee113647fefa9a10f9fabe52\kotlin-stdlib-1.7.20.jar;C:\Users\AAA\.gradle\caches\modules-2\files-2.1\org.jetbrains.kotlin\kotlin-script-runtime\1.7.20\bcd1cc6f865e632550357fcc59f5ffd532615a8\kotlin-script-runtime-1.7.20.jar;C:\Users\AAA\.gradle\caches\modules-2\files-2.1\org.jetbrains.kotlin\kotlin-daemon-embeddable\1.7.20\1e24355adad8d529d75d5b19eab55484057431ba\kotlin-daemon-embeddable-1.7.20.jar;C:\Users\AAA\.gradle\caches\modules-2\files-2.1\org.jetbrains.intellij.deps\trove4j\1.0.20200330\3afb14d5f9ceb459d724e907a21145e8ff394f02\trove4j-1.0.20200330.jar;C:\Users\AAA\.gradle\caches\modules-2\files-2.1\net.java.dev.jna\jna\5.6.0\330f2244e9030119ab3030fc3fededc86713d9cc\jna-5.6.0.jar;C:\Users\AAA\.gradle\caches\modules-2\files-2.1\org.jetbrains.kotlin\kotlin-stdlib-common\1.7.20\e15351bdaf9fa06f009be5da7a202e4184f00ae3\kotlin-stdlib-common-1.7.20.jar;C:\Users\AAA\.gradle\caches\modules-2\files-2.1\org.jetbrains\annotations\13.0\919f0dfe192fb4e063e7dacadee7f8bb9a2672a9\annotations-13.0.jar
Launcher Type: SUN_STANDARD

[Global flags]
     intx CICompilerCount                          = 4                                         {product} {ergonomic}
     uint ConcGCThreads                            = 3                                         {product} {ergonomic}
     uint G1ConcRefinementThreads                  = 10                                        {product} {ergonomic}
   size_t G1HeapRegionSize                         = 1048576                                   {product} {ergonomic}
    uintx GCDrainStackTargetSize                   = 64                                        {product} {ergonomic}
   size_t InitialHeapSize                          = 268435456                                 {product} {ergonomic}
   size_t MarkStackSize                            = 4194304                                   {product} {ergonomic}
   size_t MaxHeapSize                              = 4263510016                                {product} {ergonomic}
   size_t MinHeapDeltaBytes                        = 1048576                                   {product} {ergonomic}
    uintx NonNMethodCodeHeapSize                   = 5836300                                {pd product} {ergonomic}
    uintx NonProfiledCodeHeapSize                  = 122910970                              {pd product} {ergonomic}
    uintx ProfiledCodeHeapSize                     = 122910970                              {pd product} {ergonomic}
    uintx ReservedCodeCacheSize                    = 251658240                              {pd product} {ergonomic}
     bool SegmentedCodeCache                       = true                                      {product} {ergonomic}
     bool UseCompressedClassPointers               = true                                 {lp64_product} {ergonomic}
     bool UseCompressedOops                        = true                                 {lp64_product} {ergonomic}
     bool UseG1GC                                  = true                                      {product} {ergonomic}
     bool UseLargePagesIndividualAllocation        = false                                  {pd product} {ergonomic}

Logging:
Log output configuration:
 #0: stdout all=warning uptime,level,tags
 #1: stderr all=off uptime,level,tags

Environment Variables:
PATH=C:\Program Files (x86)\Intel\MPI-RT\5.0.2.044\intel64\bin;C:\Program Files (x86)\Intel\Intel(R) Management Engine Components\iCLS\;C:\Program Files\Intel\Intel(R) Management Engine Components\iCLS\;C:\Windows\system32;C:\Windows;C:\Windows\System32\Wbem;C:\Windows\System32\WindowsPowerShell\v1.0\;C:\Program Files (x86)\Intel\Intel(R) Management Engine Components\DAL;C:\Program Files\Intel\Intel(R) Management Engine Components\DAL;C:\Program Files (x86)\Intel\Intel(R) Management Engine Components\IPT;C:\Program Files\Intel\Intel(R) Management Engine Components\IPT;C:\Program Files (x86)\NVIDIA Corporation\PhysX\Common;C:\WINDOWS\system32;C:\WINDOWS;C:\WINDOWS\System32\Wbem;C:\WINDOWS\System32\WindowsPowerShell\v1.0\;C:\WINDOWS\System32\OpenSSH\;C:\Program Files\dotnet\;C:\Program Files\Microsoft SQL Server\130\Tools\Binn\;C:\Program Files\NVIDIA Corporation\NVIDIA NvDLISR;C:\WINDOWS\system32;C:\WINDOWS;C:\WINDOWS\System32\Wbem;C:\WINDOWS\System32\WindowsPowerShell\v1.0\;C:\WINDOWS\System32\OpenSSH\;C:\Program Files\nodejs\;C:\Program Files\Git\bin\;C:\Program Files\Git\cmd\;C:\Users\AAA\anaconda3;C:\Users\AAA\anaconda3\Library\mingw-w64\bin;C:\Users\AAA\anaconda3\Library\usr\bin;C:\Users\AAA\anaconda3\Library\bin;C:\Users\AAA\anaconda3\Scripts;C:\Users\AAA\AppData\Local\Microsoft\WindowsApps;C:\Users\AAA\AppData\Local\Programs\Microsoft VS Code\bin;C:\Users\AAA\AppData\Roaming\npm;C:\Users\AAA\AppData\Local\Android\Sdk\platform-tools
USERNAME=Yaseer
OS=Windows_NT
PROCESSOR_IDENTIFIER=Intel64 Family 6 Model 158 Stepping 10, GenuineIntel



---------------  S Y S T E M  ---------------

OS: Windows 10 , 64 bit Build 19041 (10.0.19041.2364)
OS uptime: 2 days 0:03 hours

CPU:total 12 (initial active 12) (6 cores per cpu, 2 threads per core) family 6 model 158 stepping 10 microcode 0xde, cmov, cx8, fxsr, mmx, sse, sse2, sse3, ssse3, sse4.1, sse4.2, popcnt, avx, avx2, aes, clmul, erms, 3dnowpref, lzcnt, ht, tsc, tscinvbit, bmi1, bmi2, adx, fma

Memory: 4k page, system-wide physical 16257M (2480M free)
TotalPageFile size 16257M (AvailPageFile size 139M)
current process WorkingSet (physical memory assigned to process): 10M, peak: 10M
current process commit charge ("private bytes"): 64M, peak: 320M

vm_info: OpenJDK 64-Bit Server VM (11.0.13+0-b1751.21-8125866) for windows-amd64 JRE (11.0.13+0-b1751.21-8125866), built on Feb  2 2022 03:00:22 by "builder" with MS VC++ 14.0 (VS2015)

END.
